<?xml version="1.0" encoding="UTF-8"?>
<!-- Generated by org.testng.reporters.JUnitReportReporter -->
<testsuite skipped="0" hostname="Infva06687" name="day10.CSVRead" tests="1" failures="0" timestamp="15 Mar 2019 09:30:25 GMT" time="0.078" errors="0">
  <testcase name="f" time="0.078" classname="day10.CSVRead"/>
</testsuite> <!-- day10.CSVRead -->
