<?xml version="1.0" encoding="UTF-8"?>
<!-- Generated by org.testng.reporters.JUnitReportReporter -->
<testsuite skipped="0" hostname="Infva06687" name="day10.FirstScript" tests="1" failures="0" timestamp="15 Mar 2019 10:12:23 GMT" time="4.180" errors="0">
  <testcase name="TitleTest" time="4.180" classname="day10.FirstScript"/>
</testsuite> <!-- day10.FirstScript -->
