<?xml version="1.0" encoding="UTF-8"?>
<!-- Generated by org.testng.reporters.JUnitReportReporter -->
<testsuite skipped="0" hostname="Infva06687" name="day5.OracleCookie" tests="1" failures="0" timestamp="13 Mar 2019 07:24:48 GMT" time="14.468" errors="0">
  <testcase name="Oracle" time="14.468" classname="day5.OracleCookie"/>
</testsuite> <!-- day5.OracleCookie -->
