<?xml version="1.0" encoding="UTF-8"?>
<!-- Generated by org.testng.reporters.JUnitReportReporter -->
<testsuite skipped="0" hostname="Infva06687" name="day7.Execute2" tests="1" failures="0" timestamp="14 Mar 2019 06:19:13 GMT" time="7.874" errors="0">
  <testcase name="f" time="7.874" classname="day7.Execute2"/>
</testsuite> <!-- day7.Execute2 -->
