<?xml version="1.0" encoding="UTF-8"?>
<!-- Generated by org.testng.reporters.JUnitReportReporter -->
<testsuite skipped="0" hostname="Infva06151" name="day4.FirstNG" tests="2" failures="0" timestamp="09 Mar 2019 06:58:20 GMT" time="1.897" errors="0">
  <testcase name="Test" time="1.843" classname="day4.FirstNG"/>
  <testcase name="searchBoxTest" time="0.054" classname="day4.FirstNG"/>
</testsuite> <!-- day4.FirstNG -->
