<?xml version="1.0" encoding="UTF-8"?>
<!-- Generated by org.testng.reporters.JUnitReportReporter -->
<testsuite skipped="0" hostname="Infva06687" name="day6.ReadProperty" tests="1" failures="0" timestamp="14 Mar 2019 04:39:11 GMT" time="4.331" errors="0">
  <testcase name="Read" time="4.331" classname="day6.ReadProperty"/>
</testsuite> <!-- day6.ReadProperty -->
