<?xml version="1.0" encoding="UTF-8"?>
<!-- Generated by org.testng.reporters.JUnitReportReporter -->
<testsuite skipped="0" hostname="Infva06687" name="day7.Hybrid" tests="6" failures="0" timestamp="14 Mar 2019 07:13:27 GMT" time="4.934" errors="0">
  <testcase name="f" time="0.443" classname="day7.Hybrid"/>
  <testcase name="f" time="0.113" classname="day7.Hybrid"/>
  <testcase name="f" time="0.348" classname="day7.Hybrid"/>
  <testcase name="f" time="0.060" classname="day7.Hybrid"/>
  <testcase name="f" time="0.735" classname="day7.Hybrid"/>
  <testcase name="f" time="3.235" classname="day7.Hybrid"/>
</testsuite> <!-- day7.Hybrid -->
