<?xml version="1.0" encoding="UTF-8"?>
<!-- Generated by org.testng.reporters.JUnitReportReporter -->
<testsuite skipped="0" hostname="Infva06687" name="day4.AnnotaionsAll" tests="2" failures="0" timestamp="11 Mar 2019 09:00:24 GMT" time="0.000" errors="0">
  <testcase name="test2" time="0.000" classname="day4.AnnotaionsAll"/>
  <testcase name="test1" time="0.000" classname="day4.AnnotaionsAll"/>
</testsuite> <!-- day4.AnnotaionsAll -->
