<?xml version="1.0" encoding="UTF-8"?>
<!-- Generated by org.testng.reporters.JUnitReportReporter -->
<testsuite skipped="0" hostname="Infva06687" name="day6.Grouping" tests="1" failures="0" timestamp="13 Mar 2019 09:17:47 GMT" time="0.009" errors="0">
  <testcase name="f1" time="0.009" classname="day6.Grouping"/>
</testsuite> <!-- day6.Grouping -->
