<?xml version="1.0" encoding="UTF-8"?>
<!-- Generated by org.testng.reporters.JUnitReportReporter -->
<testsuite skipped="0" hostname="Infva06687" name="oraclepages.Execute" tests="1" failures="0" timestamp="13 Mar 2019 12:17:41 GMT" time="14.543" errors="0">
  <testcase name="f" time="14.543" classname="oraclepages.Execute"/>
</testsuite> <!-- oraclepages.Execute -->
