<?xml version="1.0" encoding="UTF-8"?>
<!-- Generated by org.testng.reporters.JUnitReportReporter -->
<testsuite skipped="0" hostname="Infva06687" name="day5.CookieTest" tests="1" failures="0" timestamp="13 Mar 2019 07:24:48 GMT" time="7.399" errors="0">
  <testcase name="Google" time="7.399" classname="day5.CookieTest"/>
</testsuite> <!-- day5.CookieTest -->
