<?xml version="1.0" encoding="UTF-8"?>
<!-- Generated by org.testng.reporters.JUnitReportReporter -->
<testsuite skipped="0" hostname="Infva06687" name="day7.GridExample" tests="2" failures="0" timestamp="14 Mar 2019 10:58:42 GMT" time="7.030" errors="0">
  <testcase name="f" time="3.686" classname="day7.GridExample"/>
  <testcase name="f" time="3.344" classname="day7.GridExample"/>
</testsuite> <!-- day7.GridExample -->
