<?xml version="1.0" encoding="UTF-8"?>
<!-- Generated by org.testng.reporters.JUnitReportReporter -->
<testsuite skipped="0" hostname="Infva06687" name="day7.Execute" tests="2" failures="0" timestamp="14 Mar 2019 04:28:06 GMT" time="76.189" errors="0">
  <testcase name="f" time="5.256" classname="day7.Execute"/>
  <testcase name="LinkTest" time="70.933" classname="day7.Execute"/>
</testsuite> <!-- day7.Execute -->
