<?xml version="1.0" encoding="UTF-8"?>
<!-- Generated by org.testng.reporters.JUnitReportReporter -->
<testsuite skipped="0" hostname="Infva06687" name="day5.AlertExample" tests="1" failures="0" timestamp="13 Mar 2019 07:24:48 GMT" time="18.504" errors="0">
  <testcase name="alertTest" time="18.504" classname="day5.AlertExample"/>
</testsuite> <!-- day5.AlertExample -->
