<?xml version="1.0" encoding="UTF-8"?>
<!-- Generated by org.testng.reporters.JUnitReportReporter -->
<testsuite skipped="1" hostname="Infva06687" name="day4.ExcelParaNG" tests="1" failures="0" timestamp="12 Mar 2019 04:24:57 GMT" time="0.000" errors="0">
  <testcase name="Login" time="0.000" classname="day4.ExcelParaNG">
    <skipped/>
  </testcase> <!-- Login -->
</testsuite> <!-- day4.ExcelParaNG -->
