<?xml version="1.0" encoding="UTF-8"?>
<!-- Generated by org.testng.reporters.JUnitReportReporter -->
<testsuite skipped="0" hostname="Infva06687" name="day6.dependsExample" tests="3" failures="0" timestamp="13 Mar 2019 07:24:48 GMT" time="7.527" errors="0">
  <testcase name="f1" time="5.256" classname="day6.dependsExample"/>
  <testcase name="f3" time="2.204" classname="day6.dependsExample"/>
  <testcase name="f2" time="0.067" classname="day6.dependsExample"/>
</testsuite> <!-- day6.dependsExample -->
