<?xml version="1.0" encoding="UTF-8"?>
<!-- Generated by org.testng.reporters.JUnitReportReporter -->
<testsuite skipped="0" hostname="Infva06687" name="day5.Scrolling" tests="1" failures="0" timestamp="13 Mar 2019 07:24:48 GMT" time="16.453" errors="0">
  <testcase name="f" time="16.453" classname="day5.Scrolling"/>
</testsuite> <!-- day5.Scrolling -->
