<?xml version="1.0" encoding="UTF-8"?>
<!-- Generated by org.testng.reporters.JUnitReportReporter -->
<testsuite skipped="0" hostname="Infva06687" name="oraclepages.CheckingLinks" tests="1" failures="0" timestamp="14 Mar 2019 03:55:39 GMT" time="68.599" errors="0">
  <testcase name="f" time="68.599" classname="oraclepages.CheckingLinks"/>
</testsuite> <!-- oraclepages.CheckingLinks -->
