<?xml version="1.0" encoding="UTF-8"?>
<!-- Generated by org.testng.reporters.JUnitReportReporter -->
<testsuite skipped="0" hostname="Infva06687" name="day10.FirstScript" tests="1" failures="0" timestamp="15 Mar 2019 07:35:16 GMT" time="2.591" errors="0">
  <testcase name="f" time="2.591" classname="day10.FirstScript"/>
</testsuite> <!-- day10.FirstScript -->
